[debug] [2021-04-05T23:58:56.975Z] ----------------------------------------------------------------------
[debug] [2021-04-05T23:58:56.977Z] Command:       C:\Program Files\nodejs\node.exe C:\Users\leena\AppData\Roaming\npm\node_modules\firebase-tools\lib\bin\firebase.js emulators:start
[debug] [2021-04-05T23:58:56.978Z] CLI Version:   9.8.0
[debug] [2021-04-05T23:58:56.978Z] Platform:      win32
[debug] [2021-04-05T23:58:56.978Z] Node Version:  v14.16.0
[debug] [2021-04-05T23:58:56.979Z] Time:          Tue Apr 06 2021 02:58:56 GMT+0300 (Arabian Standard Time)
[debug] [2021-04-05T23:58:56.979Z] ----------------------------------------------------------------------
[debug] 
[debug] [2021-04-05T23:58:56.987Z] > command requires scopes: ["email","openid","https://www.googleapis.com/auth/cloudplatformprojects.readonly","https://www.googleapis.com/auth/firebase","https://www.googleapis.com/auth/cloud-platform"]
[debug] [2021-04-05T23:58:56.988Z] > authorizing via signed-in user
[info] i  emulators: Starting emulators: database, hosting {"metadata":{"emulator":{"name":"hub"},"message":"Starting emulators: database, hosting"}}
[debug] [2021-04-05T23:58:57.021Z] [hub] writing locator at C:\Users\leena\AppData\Local\Temp\hub-css-hero.json
[debug] [2021-04-05T23:58:57.067Z] > refreshing access token with scopes: []
[debug] [2021-04-05T23:58:57.068Z] >>> HTTP REQUEST POST https://www.googleapis.com/oauth2/v3/token  
 <request body omitted>
[debug] [2021-04-05T23:58:57.412Z] <<< HTTP RESPONSE 200 {"date":"Mon, 05 Apr 2021 23:58:58 GMT","cache-control":"no-cache, no-store, max-age=0, must-revalidate","expires":"Mon, 01 Jan 1990 00:00:00 GMT","pragma":"no-cache","content-type":"application/json; charset=utf-8","vary":"X-Origin, Referer, Origin,Accept-Encoding","server":"scaffolding on HTTPServer2","x-xss-protection":"0","x-frame-options":"SAMEORIGIN","x-content-type-options":"nosniff","alt-svc":"h3-29=\":443\"; ma=2592000,h3-T051=\":443\"; ma=2592000,h3-Q050=\":443\"; ma=2592000,h3-Q046=\":443\"; ma=2592000,h3-Q043=\":443\"; ma=2592000,quic=\":443\"; ma=2592000; v=\"46,43\"","accept-ranges":"none","transfer-encoding":"chunked"}
[debug] [2021-04-05T23:58:57.427Z] >>> [apiv2][query] GET https://firebase.googleapis.com/v1beta1/projects/css-hero [none]
[debug] [2021-04-05T23:58:58.012Z] <<< [apiv2][status] GET https://firebase.googleapis.com/v1beta1/projects/css-hero 200
[debug] [2021-04-05T23:58:58.013Z] <<< [apiv2][body] GET https://firebase.googleapis.com/v1beta1/projects/css-hero {"projectId":"css-hero","projectNumber":"184690434253","displayName":"CSS Hero","name":"projects/css-hero","resources":{"hostingSite":"css-hero","realtimeDatabaseInstance":"css-hero-default-rtdb","storageBucket":"css-hero.appspot.com","locationId":"us-central"},"state":"ACTIVE"}
[debug] [2021-04-05T23:58:58.014Z] database rules config:  [{"instance":"css-hero-default-rtdb","rules":"C:\\Users\\leena\\OneDrive\\Desktop\\GP\\database.rules.json"}]
[info] i  database: downloading firebase-database-emulator-v4.7.2.jar... {"metadata":{"emulator":{"name":"database"},"message":"downloading firebase-database-emulator-v4.7.2.jar..."}}
[debug] [2021-04-05T23:58:58.042Z] >>> [apiv2][query] GET https://storage.googleapis.com/firebase-preview-drop/emulator/firebase-database-emulator-v4.7.2.jar 
[debug] [2021-04-05T23:58:58.707Z] <<< [apiv2][status] GET https://storage.googleapis.com/firebase-preview-drop/emulator/firebase-database-emulator-v4.7.2.jar 200
[debug] [2021-04-05T23:58:58.708Z] <<< [apiv2][body] GET https://storage.googleapis.com/firebase-preview-drop/emulator/firebase-database-emulator-v4.7.2.jar [stream]
[debug] [2021-04-05T23:59:00.804Z] Ignoring unsupported arg: projectId {"metadata":{"emulator":{"name":"database"},"message":"Ignoring unsupported arg: projectId"}}
[debug] [2021-04-05T23:59:00.805Z] Ignoring unsupported arg: auto_download {"metadata":{"emulator":{"name":"database"},"message":"Ignoring unsupported arg: auto_download"}}
[debug] [2021-04-05T23:59:00.806Z] Ignoring unsupported arg: rules {"metadata":{"emulator":{"name":"database"},"message":"Ignoring unsupported arg: rules"}}
[debug] [2021-04-05T23:59:00.808Z] Starting Database Emulator with command {"binary":"java","args":["-Duser.language=en","-jar","C:\\Users\\leena\\.cache\\firebase\\emulators\\firebase-database-emulator-v4.7.2.jar","--host","localhost","--port",9000],"optionalArgs":["port","host","functions_emulator_port","functions_emulator_host"],"joinArgs":false} {"metadata":{"emulator":{"name":"database"},"message":"Starting Database Emulator with command {\"binary\":\"java\",\"args\":[\"-Duser.language=en\",\"-jar\",\"C:\\\\Users\\\\leena\\\\.cache\\\\firebase\\\\emulators\\\\firebase-database-emulator-v4.7.2.jar\",\"--host\",\"localhost\",\"--port\",9000],\"optionalArgs\":[\"port\",\"host\",\"functions_emulator_port\",\"functions_emulator_host\"],\"joinArgs\":false}"}}
[info] i  database: Database Emulator logging to database-debug.log {"metadata":{"emulator":{"name":"database"},"message":"Database Emulator logging to \u001b[1mdatabase-debug.log\u001b[22m"}}
[debug] [2021-04-05T23:59:04.696Z] 02:59:04.692 [NamespaceSystem-akka.actor.default-dispatcher-5] INFO akka.event.slf4j.Slf4jLogger - Slf4jLogger started
 {"metadata":{"emulator":{"name":"database"},"message":"02:59:04.692 [NamespaceSystem-akka.actor.default-dispatcher-5] INFO akka.event.slf4j.Slf4jLogger - Slf4jLogger started\r\n"}}
[debug] [2021-04-05T23:59:04.983Z] 02:59:04.986 [main] INFO com.firebase.server.forge.App$ - Listening at localhost:9000
 {"metadata":{"emulator":{"name":"database"},"message":"02:59:04.986 [main] INFO com.firebase.server.forge.App$ - Listening at localhost:9000\r\n"}}
[debug] [2021-04-05T23:59:05.254Z] >>> [apiv2][query] GET https://firebase.googleapis.com/v1beta1/projects/css-hero/webApps/-/config [none]
[debug] [2021-04-05T23:59:06.188Z] <<< [apiv2][status] GET https://firebase.googleapis.com/v1beta1/projects/css-hero/webApps/-/config 200
[debug] [2021-04-05T23:59:06.188Z] <<< [apiv2][body] GET https://firebase.googleapis.com/v1beta1/projects/css-hero/webApps/-/config {"projectId":"css-hero","appId":"1:184690434253:web:c35f8768d6636581774984","databaseURL":"https://css-hero-default-rtdb.firebaseio.com","storageBucket":"css-hero.appspot.com","locationId":"us-central","apiKey":"AIzaSyBIi1E_reXf93KHwjcJsQlagGLALmb2WYU","authDomain":"css-hero.firebaseapp.com","messagingSenderId":"184690434253","measurementId":"G-L8PWLQ5P48"}
[info] i  hosting: Serving hosting files from: public {"metadata":{"emulator":{"name":"hosting"},"message":"Serving hosting files from: \u001b[1mpublic\u001b[22m"}}
[info] +  hosting: Local server: http://localhost:5000 {"metadata":{"emulator":{"name":"hosting"},"message":"Local server: \u001b[4m\u001b[1mhttp://localhost:5000\u001b[22m\u001b[24m"}}
[info] i  ui: downloading ui-v1.4.2.zip... {"metadata":{"emulator":{"name":"ui"},"message":"downloading ui-v1.4.2.zip..."}}
[debug] [2021-04-05T23:59:06.292Z] >>> [apiv2][query] GET https://storage.googleapis.com/firebase-preview-drop/emulator/ui-v1.4.2.zip 
[debug] [2021-04-05T23:59:06.714Z] <<< [apiv2][status] GET https://storage.googleapis.com/firebase-preview-drop/emulator/ui-v1.4.2.zip 200
[debug] [2021-04-05T23:59:06.714Z] <<< [apiv2][body] GET https://storage.googleapis.com/firebase-preview-drop/emulator/ui-v1.4.2.zip [stream]
[debug] [2021-04-05T23:59:08.245Z] Ignoring unsupported arg: auto_download {"metadata":{"emulator":{"name":"ui"},"message":"Ignoring unsupported arg: auto_download"}}
[debug] [2021-04-05T23:59:08.246Z] Ignoring unsupported arg: port {"metadata":{"emulator":{"name":"ui"},"message":"Ignoring unsupported arg: port"}}
[debug] [2021-04-05T23:59:08.246Z] Starting Emulator UI with command {"binary":"node","args":["C:\\Users\\leena\\.cache\\firebase\\emulators\\ui-v1.4.2\\server.bundle.js"],"optionalArgs":[],"joinArgs":false} {"metadata":{"emulator":{"name":"ui"},"message":"Starting Emulator UI with command {\"binary\":\"node\",\"args\":[\"C:\\\\Users\\\\leena\\\\.cache\\\\firebase\\\\emulators\\\\ui-v1.4.2\\\\server.bundle.js\"],\"optionalArgs\":[],\"joinArgs\":false}"}}
[info] i  ui: Emulator UI logging to ui-debug.log {"metadata":{"emulator":{"name":"ui"},"message":"Emulator UI logging to \u001b[1mui-debug.log\u001b[22m"}}
[debug] [2021-04-05T23:59:08.438Z] Web / API server started at http://localhost:4000
 {"metadata":{"emulator":{"name":"ui"},"message":"Web / API server started at http://localhost:4000\n"}}
[debug] [2021-04-05T23:59:08.526Z] >>> HTTP REQUEST PUT http://localhost:9000/.settings/rules.json?ns=css-hero-default-rtdb  
 {
  "rules": {
    ".read": false,
    ".write": false
  }
}

[debug] [2021-04-05T23:59:09.243Z] <<< HTTP RESPONSE 200 {"content-length":"15","content-type":"application/json; charset=utf-8","access-control-allow-origin":"*","cache-control":"no-cache","x-firebase-project-id":"css-hero-default-rtdb","x-firebase-project-number":"123456789","x-firebase-uuid":"f0f5d81f-3ee4-4aa2-9a81-39c535754f13"}
[info] 
┌─────────────────────────────────────────────────────────────┐
│ ✔  All emulators ready! It is now safe to connect your app. │
│ i  View Emulator UI at http://localhost:4000                │
└─────────────────────────────────────────────────────────────┘

┌──────────┬────────────────┬────────────────────────────────┐
│ Emulator │ Host:Port      │ View in Emulator UI            │
├──────────┼────────────────┼────────────────────────────────┤
│ Database │ localhost:9000 │ http://localhost:4000/database │
├──────────┼────────────────┼────────────────────────────────┤
│ Hosting  │ localhost:5000 │ n/a                            │
└──────────┴────────────────┴────────────────────────────────┘
  Emulator Hub running at localhost:4400
  Other reserved ports: 4500

Issues? Report them at https://github.com/firebase/firebase-tools/issues and attach the *-debug.log files.
 
